0 info it worked if it ends with ok
1 verbose cli [
1 verbose cli   'C:\\Program Files\\nodejs\\node.exe',
1 verbose cli   'C:\\Program Files\\nodejs\\node_modules\\npm\\bin\\npm-cli.js',
1 verbose cli   'run',
1 verbose cli   'lint',
1 verbose cli   '--no-cache'
1 verbose cli ]
2 info using npm@6.14.12
3 info using node@v14.16.1
4 verbose run-script [ 'prelint', 'lint', 'postlint' ]
5 info lifecycle lognmaze@1.0.19~prelint: lognmaze@1.0.19
6 info lifecycle lognmaze@1.0.19~lint: lognmaze@1.0.19
7 verbose lifecycle lognmaze@1.0.19~lint: unsafe-perm in lifecycle true
8 verbose lifecycle lognmaze@1.0.19~lint: PATH: C:\Program Files\nodejs\node_modules\npm\node_modules\npm-lifecycle\node-gyp-bin;E:\GitHub\DreamEcho100\lognmaze\lognmaze\node_modules\.bin;C:\Program Files\Common Files\Oracle\Java\javapath;C:\Program Files (x86)\Common Files\Oracle\Java\javapath;C:\WINDOWS\system32;C:\WINDOWS;C:\WINDOWS\System32\Wbem;C:\WINDOWS\System32\WindowsPowerShell\v1.0\;C:\WINDOWS\System32\OpenSSH\;C:\Program Files\dotnet\;C:\Program Files\Git\cmd;C:\Program Files\nodejs\;C:\Program Files\Microsoft SQL Server\130\Tools\Binn\;C:\Program Files\Microsoft SQL Server\Client SDK\ODBC\170\Tools\Binn\;C:\Program Files\Microsoft SQL Server\120\Tools\Binn\;C:\Users\maze6\.dnx\bin;C:\Program Files\Microsoft DNX\Dnvm\;C:\Program Files\Microsoft\Web Platform Installer\;C:\Users\maze6\AppData\Local\Microsoft\WindowsApps;C:\Users\maze6\AppData\Local\Programs\Microsoft VS Code\bin;C:\Users\maze6\.dotnet\tools;C:\Users\maze6\AppData\Roaming\npm;C:\Program Files\PostgreSQL\13\bin;C:\Program Files\Java\jdk-16.0.1\bin;
9 verbose lifecycle lognmaze@1.0.19~lint: CWD: E:\GitHub\DreamEcho100\lognmaze\lognmaze
10 silly lifecycle lognmaze@1.0.19~lint: Args: [ '/d /s /c', 'next lint' ]
11 silly lifecycle lognmaze@1.0.19~lint: Returned: code: 1  signal: null
12 info lifecycle lognmaze@1.0.19~lint: Failed to exec lint script
13 verbose stack Error: lognmaze@1.0.19 lint: `next lint`
13 verbose stack Exit status 1
13 verbose stack     at EventEmitter.<anonymous> (C:\Program Files\nodejs\node_modules\npm\node_modules\npm-lifecycle\index.js:332:16)
13 verbose stack     at EventEmitter.emit (events.js:315:20)
13 verbose stack     at ChildProcess.<anonymous> (C:\Program Files\nodejs\node_modules\npm\node_modules\npm-lifecycle\lib\spawn.js:55:14)
13 verbose stack     at ChildProcess.emit (events.js:315:20)
13 verbose stack     at maybeClose (internal/child_process.js:1048:16)
13 verbose stack     at Process.ChildProcess._handle.onexit (internal/child_process.js:288:5)
14 verbose pkgid lognmaze@1.0.19
15 verbose cwd E:\GitHub\DreamEcho100\lognmaze\lognmaze
16 verbose Windows_NT 10.0.19042
17 verbose argv "C:\\Program Files\\nodejs\\node.exe" "C:\\Program Files\\nodejs\\node_modules\\npm\\bin\\npm-cli.js" "run" "lint" "--no-cache"
18 verbose node v14.16.1
19 verbose npm  v6.14.12
20 error code ELIFECYCLE
21 error errno 1
22 error lognmaze@1.0.19 lint: `next lint`
22 error Exit status 1
23 error Failed at the lognmaze@1.0.19 lint script.
23 error This is probably not a problem with npm. There is likely additional logging output above.
24 verbose exit [ 1, true ]
